2026-02-16 03:05:53: Traceback (most recent call last):
2026-02-16 03:05:53:   File "/usr/lib/python3.10/runpy.py", line 196, in _run_module_as_main
2026-02-16 03:05:53:     return _run_code(code, main_globals, None,
2026-02-16 03:05:53:   File "/usr/lib/python3.10/runpy.py", line 86, in _run_code
2026-02-16 03:05:53:     exec(code, run_globals)
2026-02-16 03:05:53:   File "/root/openclaw/solo-leveling-system/src/core/__main__.py", line 9, in <module>
2026-02-16 03:05:53:     asyncio.run(main())
2026-02-16 03:05:53:   File "/usr/lib/python3.10/asyncio/runners.py", line 44, in run
2026-02-16 03:05:53:     return loop.run_until_complete(main)
2026-02-16 03:05:53:   File "/usr/lib/python3.10/asyncio/base_events.py", line 636, in run_until_complete
2026-02-16 03:05:53:     self.run_forever()
2026-02-16 03:05:53:   File "/usr/lib/python3.10/asyncio/base_events.py", line 603, in run_forever
2026-02-16 03:05:53:     self._run_once()
2026-02-16 03:05:53:   File "/usr/lib/python3.10/asyncio/base_events.py", line 1909, in _run_once
2026-02-16 03:05:53:     handle._run()
2026-02-16 03:05:53:   File "/usr/lib/python3.10/asyncio/events.py", line 80, in _run
2026-02-16 03:05:53:     self._context.run(self._callback, *self._args)
2026-02-16 03:05:53:   File "/root/openclaw/solo-leveling-system/src/core/system.py", line 229, in _start_web
2026-02-16 03:05:53:     server = uvicorn.Server(config)
2026-02-16 03:05:53:   File "/usr/local/lib/python3.10/dist-packages/uvicorn/server.py", line 70, in serve
2026-02-16 03:05:53:     with self.capture_signals():
2026-02-16 03:05:53:   File "/usr/lib/python3.10/contextlib.py", line 142, in __exit__
2026-02-16 03:05:53:     next(self.gen)
2026-02-16 03:05:53:   File "/usr/local/lib/python3.10/dist-packages/uvicorn/server.py", line 331, in capture_signals
2026-02-16 03:05:53:     signal.raise_signal(captured_signal)
2026-02-16 03:05:53: KeyboardInterrupt
2026-02-16 03:14:52: Traceback (most recent call last):
2026-02-16 03:14:52:   File "/usr/lib/python3.10/runpy.py", line 196, in _run_module_as_main
2026-02-16 03:14:52:     return _run_code(code, main_globals, None,
2026-02-16 03:14:52:   File "/usr/lib/python3.10/runpy.py", line 86, in _run_code
2026-02-16 03:14:52:     exec(code, run_globals)
2026-02-16 03:14:52:   File "/root/openclaw/solo-leveling-system/src/core/__main__.py", line 9, in <module>
2026-02-16 03:14:52:     asyncio.run(main())
2026-02-16 03:14:52:   File "/usr/lib/python3.10/asyncio/runners.py", line 44, in run
2026-02-16 03:14:52:     return loop.run_until_complete(main)
2026-02-16 03:14:52:   File "/usr/lib/python3.10/asyncio/base_events.py", line 636, in run_until_complete
2026-02-16 03:14:52:     self.run_forever()
2026-02-16 03:14:52:   File "/usr/lib/python3.10/asyncio/base_events.py", line 603, in run_forever
2026-02-16 03:14:52:     self._run_once()
2026-02-16 03:14:52:   File "/usr/lib/python3.10/asyncio/base_events.py", line 1909, in _run_once
2026-02-16 03:14:52:     handle._run()
2026-02-16 03:14:52:   File "/usr/lib/python3.10/asyncio/events.py", line 80, in _run
2026-02-16 03:14:52:     self._context.run(self._callback, *self._args)
2026-02-16 03:14:52:   File "/root/openclaw/solo-leveling-system/src/core/system.py", line 230, in _start_web
2026-02-16 03:14:52:     fastapi_app,
2026-02-16 03:14:52:   File "/usr/local/lib/python3.10/dist-packages/uvicorn/server.py", line 70, in serve
2026-02-16 03:14:52:     with self.capture_signals():
2026-02-16 03:14:52:   File "/usr/lib/python3.10/contextlib.py", line 142, in __exit__
2026-02-16 03:14:52:     next(self.gen)
2026-02-16 03:14:52:   File "/usr/local/lib/python3.10/dist-packages/uvicorn/server.py", line 331, in capture_signals
2026-02-16 03:14:52:     signal.raise_signal(captured_signal)
2026-02-16 03:14:52: KeyboardInterrupt
2026-02-16 03:16:28: Traceback (most recent call last):
2026-02-16 03:16:28:   File "/usr/lib/python3.10/runpy.py", line 196, in _run_module_as_main
2026-02-16 03:16:28:     return _run_code(code, main_globals, None,
2026-02-16 03:16:28:   File "/usr/lib/python3.10/runpy.py", line 86, in _run_code
2026-02-16 03:16:28:     exec(code, run_globals)
2026-02-16 03:16:28:   File "/root/openclaw/solo-leveling-system/src/core/__main__.py", line 9, in <module>
2026-02-16 03:16:28:     asyncio.run(main())
2026-02-16 03:16:28:   File "/usr/lib/python3.10/asyncio/runners.py", line 44, in run
2026-02-16 03:16:28:     return loop.run_until_complete(main)
2026-02-16 03:16:28:   File "/usr/lib/python3.10/asyncio/base_events.py", line 636, in run_until_complete
2026-02-16 03:16:28:     self.run_forever()
2026-02-16 03:16:28:   File "/usr/lib/python3.10/asyncio/base_events.py", line 603, in run_forever
2026-02-16 03:16:28:     self._run_once()
2026-02-16 03:16:28:   File "/usr/lib/python3.10/asyncio/base_events.py", line 1909, in _run_once
2026-02-16 03:16:28:     handle._run()
2026-02-16 03:16:28:   File "/usr/lib/python3.10/asyncio/events.py", line 80, in _run
2026-02-16 03:16:28:     self._context.run(self._callback, *self._args)
2026-02-16 03:16:28:   File "/root/openclaw/solo-leveling-system/src/core/system.py", line 236, in _start_web
2026-02-16 03:16:28:     await server.serve()
2026-02-16 03:16:28:   File "/usr/local/lib/python3.10/dist-packages/uvicorn/server.py", line 70, in serve
2026-02-16 03:16:28:     with self.capture_signals():
2026-02-16 03:16:28:   File "/usr/lib/python3.10/contextlib.py", line 142, in __exit__
2026-02-16 03:16:28:     next(self.gen)
2026-02-16 03:16:28:   File "/usr/local/lib/python3.10/dist-packages/uvicorn/server.py", line 331, in capture_signals
2026-02-16 03:16:28:     signal.raise_signal(captured_signal)
2026-02-16 03:16:28: KeyboardInterrupt
